<?xml version="1.0" encoding="UTF-8"?>
<!-- Generated by org.testng.reporters.JUnitReportReporter -->
<testsuite hostname="DESKTOP-5JOCHJR" failures="0" tests="1" name="com.testingshastra.uitests.SignUpPage" time="32.670" errors="0" timestamp="2021-10-19T19:51:36 IST" skipped="0">
  <testcase classname="com.testingshastra.uitests.SignUpPage" name="validateFulltNameFieldForCorrectInput" time="32.670"/>
  <system-out/>
</testsuite> <!-- com.testingshastra.uitests.SignUpPage -->
