<?xml version="1.0" encoding="UTF-8"?>
<!-- Generated by org.testng.reporters.JUnitReportReporter -->
<testsuite hostname="DESKTOP-5JOCHJR" failures="0" tests="1" name="com.testingshashtra.uitests.homepage.HomePageTests" time="34.869" errors="0" timestamp="2021-10-19T19:51:36 IST" skipped="0">
  <testcase classname="com.testingshashtra.uitests.homepage.HomePageTests" name="verifyTitleOfHomePage" time="34.869"/>
  <system-out/>
</testsuite> <!-- com.testingshashtra.uitests.homepage.HomePageTests -->
