<?xml version="1.0" encoding="UTF-8"?>
<!-- Generated by org.testng.reporters.JUnitReportReporter -->
<testsuite hostname="DESKTOP-5JOCHJR" failures="0" tests="1" name="com.cucumberhomepage.HomePageCucumberTest" time="0.009" errors="0" timestamp="2021-11-08T10:37:04 IST" skipped="0">
  <testcase classname="com.cucumberhomepage.HomePageCucumberTest" name="the_chrome_browser_is_launched" time="0.009"/>
  <system-out/>
</testsuite> <!-- com.cucumberhomepage.HomePageCucumberTest -->
