<?xml version="1.0" encoding="UTF-8"?>
<!-- Generated by org.testng.reporters.JUnitReportReporter -->
<testsuite skipped="0" hostname="DESKTOP-5JOCHJR" name="com.testingshastra.uitests.SignUpPageTest" tests="1" failures="0" timestamp="2021-11-21T18:07:49 IST" time="15.731" errors="0">
  <testcase name="validateFulltNameFieldForCorrectInput" time="15.731" classname="com.testingshastra.uitests.SignUpPageTest"/>
  <system-out/>
</testsuite> <!-- com.testingshastra.uitests.SignUpPageTest -->
