<?xml version="1.0" encoding="UTF-8"?>
<!-- Generated by org.testng.reporters.JUnitReportReporter -->
<testsuite hostname="DESKTOP-5JOCHJR" failures="0" tests="2" name="com.testingshastra.uitests.HomePageTest" time="33.229" errors="0" timestamp="2021-11-11T02:36:10 IST" skipped="1">
  <testcase classname="com.testingshastra.uitests.HomePageTest" name="verifyToUserRedirectToJoinMeetPage" time="33.229"/>
  <system-out/>
  <testcase classname="com.testingshastra.uitests.HomePageTest" name="verifyTitleOFHomePage">
    <skipped/>
  </testcase> <!-- verifyTitleOFHomePage -->
  <system-out/>
</testsuite> <!-- com.testingshastra.uitests.HomePageTest -->
