<?xml version="1.0" encoding="UTF-8"?>
<!-- Generated by org.testng.reporters.JUnitReportReporter -->
<testsuite hostname="DESKTOP-5JOCHJR" failures="0" tests="1" name="com.testingshashtra.uitests.homepage.HomePageTests" time="15.556" errors="0" timestamp="2021-11-11T02:05:13 IST" skipped="0">
  <testcase classname="com.testingshashtra.uitests.homepage.HomePageTests" name="verifyTitleOfHomePage" time="15.556"/>
  <system-out/>
</testsuite> <!-- com.testingshashtra.uitests.homepage.HomePageTests -->
