<?xml version="1.0" encoding="UTF-8"?>
<!-- Generated by org.testng.reporters.JUnitReportReporter -->
<testsuite hostname="DESKTOP-5JOCHJR" failures="0" tests="2" name="com.testingshastra.uitests.HomePageTest" time="60.200" errors="0" timestamp="2021-10-21T01:32:13 IST" skipped="0">
  <testcase classname="com.testingshastra.uitests.HomePageTest" name="verifyToUserRedirectToJoinMeetPage" time="30.808"/>
  <system-out/>
  <testcase classname="com.testingshastra.uitests.HomePageTest" name="verifyTitleOFHomePage" time="29.392"/>
  <system-out/>
</testsuite> <!-- com.testingshastra.uitests.HomePageTest -->
