<?xml version="1.0" encoding="UTF-8"?>
<!-- Generated by org.testng.reporters.JUnitReportReporter -->
<testsuite skipped="0" hostname="DESKTOP-5JOCHJR" name="cucumber.testrunner.utility.RunnerMavenTest" tests="2" failures="0" timestamp="2021-11-26T12:36:07 IST" time="0.203" errors="0">
  <testcase name="runScenario" time="0.012" classname="cucumber.testrunner.utility.RunnerMavenTest"/>
  <system-out/>
  <testcase name="runScenario" time="0.191" classname="cucumber.testrunner.utility.RunnerMavenTest"/>
  <system-out/>
</testsuite> <!-- cucumber.testrunner.utility.RunnerMavenTest -->
