<?xml version="1.0" encoding="UTF-8"?>
<!-- Generated by org.testng.reporters.JUnitReportReporter -->
<testsuite hostname="DESKTOP-5JOCHJR" failures="0" tests="2" name="com.automation.util.Runner" time="30.626" errors="0" timestamp="2021-11-18T22:21:44 IST" skipped="0">
  <testcase classname="com.automation.util.Runner" name="runScenario" time="12.834"/>
  <system-out/>
  <testcase classname="com.automation.util.Runner" name="runScenario" time="17.792"/>
  <system-out/>
</testsuite> <!-- com.automation.util.Runner -->
