<?xml version="1.0" encoding="UTF-8"?>
<!-- Generated by org.testng.reporters.JUnitReportReporter -->
<testsuite hostname="DESKTOP-5JOCHJR" failures="0" tests="2" name="com.testingshastra.uitests.ContactSaleTest" time="48.229" errors="0" timestamp="2021-11-11T02:52:20 IST" skipped="1">
  <testcase classname="com.testingshastra.uitests.ContactSaleTest" name="validatecontactSalePage" time="48.229"/>
  <system-out/>
  <testcase classname="com.testingshastra.uitests.ContactSaleTest" name="tc_1contactPageClick">
    <skipped/>
  </testcase> <!-- tc_1contactPageClick -->
  <system-out/>
</testsuite> <!-- com.testingshastra.uitests.ContactSaleTest -->
